#
# A fatal error has been detected by the Java Runtime Environment:
#
#  EXCEPTION_ACCESS_VIOLATION (0xc0000005) at pc=0x00007ff88d4ef66f, pid=17896, tid=20440
#
# JRE version: Java(TM) SE Runtime Environment (22.0.2+9) (build 22.0.2+9-70)
# Java VM: Java HotSpot(TM) 64-Bit Server VM (22.0.2+9-70, mixed mode, sharing, tiered, compressed oops, compressed class ptrs, g1 gc, windows-amd64)
# Problematic frame:
# V  [jvm.dll+0x13f66f]
#
# No core dump will be written. Minidumps are not enabled by default on client versions of Windows
#
# If you would like to submit a bug report, please visit:
#   https://bugreport.java.com/bugreport/crash.jsp
#

---------------  S U M M A R Y ------------

Command Line: Main

Host: AMD Ryzen 7 4800H with Radeon Graphics         , 16 cores, 15G,  Windows 11 , 64 bit Build 26100 (10.0.26100.1882)
Time: Fri Nov 15 10:00:17 2024 India Standard Time elapsed time: 0.360471 seconds (0d 0h 0m 0s)

---------------  T H R E A D  ---------------

Current thread (0x000001e7c5351460):  JavaThread "C1 CompilerThread3" daemon [_thread_in_native, id=20440, stack(0x0000001fa1000000,0x0000001fa1100000) (1024K)]


Current CompileTask:
C1:360  662       3       sun.java2d.loops.GraphicsPrimitiveMgr$1::compare (13 bytes)

Stack: [0x0000001fa1000000,0x0000001fa1100000],  sp=0x0000001fa10fe598,  free space=1017k
Native frames: (J=compiled Java code, j=interpreted, Vv=VM code, C=native code)
V  [jvm.dll+0x13f66f]  (no source info available)
V  [jvm.dll+0x6a2fc3]  (no source info available)
V  [jvm.dll+0x1f3eff]  (no source info available)
V  [jvm.dll+0x18bbb2]  (no source info available)
V  [jvm.dll+0x182a6f]  (no source info available)
V  [jvm.dll+0x17d2ae]  (no source info available)
V  [jvm.dll+0x16b3b0]  (no source info available)
V  [jvm.dll+0x153d92]  (no source info available)
V  [jvm.dll+0x1535c3]  (no source info available)
V  [jvm.dll+0x1538a0]  (no source info available)
V  [jvm.dll+0x152c1d]  (no source info available)
V  [jvm.dll+0x154add]  (no source info available)
V  [jvm.dll+0x2568f3]  (no source info available)
V  [jvm.dll+0x254baa]  (no source info available)
V  [jvm.dll+0x3f57a6]  (no source info available)
V  [jvm.dll+0x81dc0b]  (no source info available)
V  [jvm.dll+0x6e0d85]  (no source info available)
C  [ucrtbase.dll+0x14ea0]  (no source info available)
C  [KERNEL32.DLL+0x2dbe7]  (no source info available)
C  [ntdll.dll+0x85a4c]  (no source info available)


siginfo: EXCEPTION_ACCESS_VIOLATION (0xc0000005), writing address 0x0000000000000000


Registers:
RAX=0x0000000000000000, RBX=0x000001e7c54758c8, RCX=0x0000000000000003, RDX=0x000001e7c5475838
RSP=0x0000001fa10fe598, RBP=0x0000001fa10fe5f9, RSI=0x0000001fa10fe6e0, RDI=0x0000001fa10fe5c0
R8 =0x0000000000000000, R9 =0x0000000000000000, R10=0x00007ff90f1a0000, R11=0x000001e7c5450bf8
R12=0x0000000000000009, R13=0x0000000000000000, R14=0x0000000000000009, R15=0x000001e7c5475660
RIP=0x00007ff88d4ef66f, EFLAGS=0x0000000000010246


Register to memory mapping:

RAX=0x0 is null
RBX=0x000001e7c54758c8 points into unknown readable memory: 0x0000000000000000 | 00 00 00 00 00 00 00 00
RCX=0x0000000000000003 is an unknown value
RDX=0x000001e7c5475838 points into unknown readable memory: 0x000001e7c54758c8 | c8 58 47 c5 e7 01 00 00
RSP=0x0000001fa10fe598 is pointing into the stack for thread: 0x000001e7c5351460
RBP=0x0000001fa10fe5f9 is pointing into the stack for thread: 0x000001e7c5351460
RSI=0x0000001fa10fe6e0 is pointing into the stack for thread: 0x000001e7c5351460
RDI=0x0000001fa10fe5c0 is pointing into the stack for thread: 0x000001e7c5351460
R8 =0x0 is null
R9 =0x0 is null
R10=0x00007ff90f1a0000 VCRUNTIME140.dll
R11=0x000001e7c5450bf8 points into unknown readable memory: 0x0000000000000000 | 00 00 00 00 00 00 00 00
R12=0x0000000000000009 is an unknown value
R13=0x0 is null
R14=0x0000000000000009 is an unknown value
R15=0x000001e7c5475660 points into unknown readable memory: 0x000001e7c54746d0 | d0 46 47 c5 e7 01 00 00

Top of Stack: (sp=0x0000001fa10fe598)
0x0000001fa10fe598:   00007ff88da52fc3 000001e7c5475810
0x0000001fa10fe5a8:   000001e7c54746d0 000001e7c5475a78
0x0000001fa10fe5b8:   0000000000000000 000001e7c5450bf8
0x0000001fa10fe5c8:   0000000000000003 000001e7c5450101
0x0000001fa10fe5d8:   0000000000000000 000001e7c54746d0
0x0000001fa10fe5e8:   000001e7c5474620 000001e7c5475635
0x0000001fa10fe5f8:   0000000000000000 000001e7c54501c8
0x0000001fa10fe608:   000001e7c5475628 000001e7c5475635
0x0000001fa10fe618:   000001e7c5475635 000000ac000000ac
0x0000001fa10fe628:   00007ff88d51cee4 0000000000000020
0x0000001fa10fe638:   0000000000000070 0000001fa10fe880
0x0000001fa10fe648:   0000000000000005 0000000000000009
0x0000001fa10fe658:   00007ff88d5a3eff 0000001fa10fe6e0
0x0000001fa10fe668:   000001e7c54746d0 000001e7c6527100
0x0000001fa10fe678:   000001e7c53538e0 0000000000000000
0x0000001fa10fe688:   000001e7c5450a48 000001e7c5450a48
0x0000001fa10fe698:   00007ff88d53e870 000001e7c6527d48
0x0000001fa10fe6a8:   0000000000000000 0000000000000000
0x0000001fa10fe6b8:   00007ff88d53bbb2 0000000000000009
0x0000001fa10fe6c8:   000001e7c6527f10 0000000000000000
0x0000001fa10fe6d8:   0000000000000000 0000000000000000
0x0000001fa10fe6e8:   0000000000000000 000001e7c5450100
0x0000001fa10fe6f8:   000000000090501b 0000000000000000
0x0000001fa10fe708:   0000000000000000 0000001fa10ff3c0
0x0000001fa10fe718:   000001e7c6527f10 0000001fa10fe890
0x0000001fa10fe728:   0000001fa10fe880 000001e7c6527f10
0x0000001fa10fe738:   00007ff88d532a6f 000001e7d1b06960
0x0000001fa10fe748:   000001e7c6527f10 000001e7c6527e98
0x0000001fa10fe758:   0000000000000001 0000000000000000
0x0000001fa10fe768:   0000000000000000 0000001fa10ff3c0
0x0000001fa10fe778:   000001e7d1b06960 0000000000000000
0x0000001fa10fe788:   0000000000000000 0000001fa10fec40 

Instructions: (pc=0x00007ff88d4ef66f)
0x00007ff88d4ef56f:   48 c7 c2 ff ff ff ff 49 c1 e0 03 4a 8d 0c c8 e8
0x00007ff88d4ef57f:   bf 77 7d 00 48 8b c6 48 c1 e0 06 48 3b c7 0f 84
0x00007ff88d4ef58f:   96 00 00 00 33 d2 83 e7 3f 74 0e 8b cf 48 8b d3
0x00007ff88d4ef59f:   48 d3 e2 48 ff ca 48 f7 d2 49 8b 06 48 f7 d2 48
0x00007ff88d4ef5af:   09 14 f0 eb 75 48 3b c7 4c 8b cf 48 8b d3 4c 0f
0x00007ff88d4ef5bf:   42 c8 4d 8b d9 41 83 e3 3f 41 8b cb 48 d3 e2 4d
0x00007ff88d4ef5cf:   3b d1 74 2d 41 0f b6 ca 4c 8b c3 80 e1 3f 49 d3
0x00007ff88d4ef5df:   e0 49 ff c8 4d 85 db 74 0a 48 8d 42 ff 48 f7 d0
0x00007ff88d4ef5ef:   4c 0b c0 49 8b 06 49 f7 d0 49 c1 ea 06 4e 09 04
0x00007ff88d4ef5ff:   d0 4c 3b cf 74 24 48 ff ca 83 e7 3f 74 0e 8b cf
0x00007ff88d4ef60f:   48 d3 e3 48 ff cb 48 f7 d3 48 0b d3 49 8b 06 48
0x00007ff88d4ef61f:   f7 d2 49 c1 e9 06 4a 09 14 c8 48 8b 5c 24 30 48
0x00007ff88d4ef62f:   8b 74 24 38 48 8b 7c 24 40 48 83 c4 20 41 5e c3
0x00007ff88d4ef63f:   cc 48 89 5c 24 08 48 89 7c 24 10 4c 8b 49 08 45
0x00007ff88d4ef64f:   33 c0 4c 8b 19 48 8b f9 48 8b 1a 49 c1 e9 06 4d
0x00007ff88d4ef65f:   85 c9 0f 84 bb 00 00 00 49 83 f9 08 0f 82 90 00
0x00007ff88d4ef66f:   00 00 48 8d 43 f8 4a 8d 04 c8 49 8d 4b f8 4a 8d
0x00007ff88d4ef67f:   0c c9 4c 3b d8 77 05 48 3b cb 73 76 49 8b d1 48
0x00007ff88d4ef68f:   83 e2 f8 48 8b cb 49 8d 43 10 49 2b cb 0f 1f 40
0x00007ff88d4ef69f:   00 f3 0f 6f 40 f0 49 83 c0 08 f3 0f 6f 4c 01 f0
0x00007ff88d4ef6af:   f3 0f 6f 14 01 48 8d 40 40 66 0f eb c8 f3 0f 7f
0x00007ff88d4ef6bf:   48 b0 f3 0f 6f 40 c0 f3 0f 6f 4c 01 d0 66 0f eb
0x00007ff88d4ef6cf:   d0 f3 0f 7f 50 c0 f3 0f 6f 40 d0 66 0f eb c8 f3
0x00007ff88d4ef6df:   0f 7f 48 d0 f3 0f 6f 40 e0 f3 0f 6f 4c 01 e0 66
0x00007ff88d4ef6ef:   0f eb c8 f3 0f 7f 48 e0 4c 3b c2 72 a4 4d 3b c1
0x00007ff88d4ef6ff:   73 21 4c 8b d3 4b 8d 04 c3 4d 2b d3 49 8b d1 49
0x00007ff88d4ef70f:   2b d0 4a 8b 0c 10 48 09 08 48 8d 40 08 48 83 ea
0x00007ff88d4ef71f:   01 75 ef 8b 4f 08 83 e1 3f 76 25 4b 8b 04 cb 41
0x00007ff88d4ef72f:   b8 01 00 00 00 4a 0b 04 cb 49 d3 e0 49 ff c8 49
0x00007ff88d4ef73f:   23 c0 49 f7 d0 4f 23 04 cb 49 0b c0 4b 89 04 cb
0x00007ff88d4ef74f:   48 8b 5c 24 08 48 8b 7c 24 10 c3 cc cc cc cc cc
0x00007ff88d4ef75f:   cc 48 89 5c 24 08 48 89 74 24 10 48 89 7c 24 18 


Stack slot to memory mapping:

stack at sp + 0 slots: 0x00007ff88da52fc3 jvm.dll
stack at sp + 1 slots: 0x000001e7c5475810 points into unknown readable memory: 0x000001e7c5475660 | 60 56 47 c5 e7 01 00 00
stack at sp + 2 slots: 0x000001e7c54746d0 points into unknown readable memory: 0x00007ff88dd7b318 | 18 b3 d7 8d f8 7f 00 00
stack at sp + 3 slots: 0x000001e7c5475a78 points into unknown readable memory: 0x00007ff88dd7b318 | 18 b3 d7 8d f8 7f 00 00
stack at sp + 4 slots: 0x0 is null
stack at sp + 5 slots: 0x000001e7c5450bf8 points into unknown readable memory: 0x0000000000000000 | 00 00 00 00 00 00 00 00
stack at sp + 6 slots: 0x0000000000000003 is an unknown value
stack at sp + 7 slots: 0x000001e7c5450101 points into unknown readable memory: 00 00 00 00 00 00 00


---------------  P R O C E S S  ---------------

Threads class SMR info:
_java_thread_list=0x000001e7c6508300, length=19, elements={
0x000001e7f1330120, 0x000001e7f1330b80, 0x000001e7f1337580, 0x000001e7f1339670,
0x000001e7f1343590, 0x000001e7f13465a0, 0x000001e7f134d070, 0x000001e7f1351700,
0x000001e7c52335c0, 0x000001e7f1346c30, 0x000001e7f1347fe0, 0x000001e7c5331c20,
0x000001e7c5351460, 0x000001e7f1347950, 0x000001e7f13472c0, 0x000001e7f1345880,
0x000001e7f1348670, 0x000001e7f13451f0, 0x000001e7f1345f10
}

Java Threads: ( => current thread )
  0x000001e7f1330120 JavaThread "Reference Handler"          daemon [_thread_blocked, id=10856, stack(0x0000001fa0400000,0x0000001fa0500000) (1024K)]
  0x000001e7f1330b80 JavaThread "Finalizer"                  daemon [_thread_blocked, id=5052, stack(0x0000001fa0500000,0x0000001fa0600000) (1024K)]
  0x000001e7f1337580 JavaThread "Signal Dispatcher"          daemon [_thread_blocked, id=21708, stack(0x0000001fa0600000,0x0000001fa0700000) (1024K)]
  0x000001e7f1339670 JavaThread "Attach Listener"            daemon [_thread_blocked, id=21392, stack(0x0000001fa0700000,0x0000001fa0800000) (1024K)]
  0x000001e7f1343590 JavaThread "Service Thread"             daemon [_thread_blocked, id=416, stack(0x0000001fa0800000,0x0000001fa0900000) (1024K)]
  0x000001e7f13465a0 JavaThread "Monitor Deflation Thread"   daemon [_thread_blocked, id=11696, stack(0x0000001fa0900000,0x0000001fa0a00000) (1024K)]
  0x000001e7f134d070 JavaThread "C2 CompilerThread0"         daemon [_thread_blocked, id=12336, stack(0x0000001fa0a00000,0x0000001fa0b00000) (1024K)]
  0x000001e7f1351700 JavaThread "C1 CompilerThread0"         daemon [_thread_blocked, id=12096, stack(0x0000001fa0b00000,0x0000001fa0c00000) (1024K)]
  0x000001e7c52335c0 JavaThread "C1 CompilerThread1"         daemon [_thread_blocked, id=10376, stack(0x0000001fa0c00000,0x0000001fa0d00000) (1024K)]
  0x000001e7f1346c30 JavaThread "Notification Thread"        daemon [_thread_blocked, id=16264, stack(0x0000001fa0d00000,0x0000001fa0e00000) (1024K)]
  0x000001e7f1347fe0 JavaThread "Common-Cleaner"             daemon [_thread_blocked, id=18196, stack(0x0000001fa0e00000,0x0000001fa0f00000) (1024K)]
  0x000001e7c5331c20 JavaThread "C1 CompilerThread2"         daemon [_thread_blocked, id=23004, stack(0x0000001fa0f00000,0x0000001fa1000000) (1024K)]
=>0x000001e7c5351460 JavaThread "C1 CompilerThread3"         daemon [_thread_in_native, id=20440, stack(0x0000001fa1000000,0x0000001fa1100000) (1024K)]
  0x000001e7f1347950 JavaThread "Java2D Disposer"            daemon [_thread_blocked, id=22192, stack(0x0000001fa1100000,0x0000001fa1200000) (1024K)]
  0x000001e7f13472c0 JavaThread "AWT-Shutdown"                      [_thread_blocked, id=20424, stack(0x0000001fa1200000,0x0000001fa1300000) (1024K)]
  0x000001e7f1345880 JavaThread "AWT-Windows"                daemon [_thread_in_native, id=22396, stack(0x0000001fa1300000,0x0000001fa1400000) (1024K)]
  0x000001e7f1348670 JavaThread "AWT-EventQueue-0"                  [_thread_blocked, id=10212, stack(0x0000001fa1400000,0x0000001fa1500000) (1024K)]
  0x000001e7f13451f0 JavaThread "DestroyJavaVM"                     [_thread_blocked, id=12344, stack(0x0000001f9fc00000,0x0000001f9fd00000) (1024K)]
  0x000001e7f1345f10 JavaThread "D3D Screen Updater"         daemon [_thread_blocked, id=19128, stack(0x0000001fa2100000,0x0000001fa2200000) (1024K)]
Total: 19

Other Threads:
  0x000001e7f1312220 VMThread "VM Thread"                           [id=22496, stack(0x0000001fa0300000,0x0000001fa0400000) (1024K)]
  0x000001e7f12f7b10 WatcherThread "VM Periodic Task Thread"        [id=2100, stack(0x0000001fa0200000,0x0000001fa0300000) (1024K)]
  0x000001e7d1af0cc0 WorkerThread "GC Thread#0"                     [id=2844, stack(0x0000001f9fd00000,0x0000001f9fe00000) (1024K)]
  0x000001e7d1b01280 ConcurrentGCThread "G1 Main Marker"            [id=12840, stack(0x0000001f9fe00000,0x0000001f9ff00000) (1024K)]
  0x000001e7d1b04ad0 WorkerThread "G1 Conc#0"                       [id=2888, stack(0x0000001f9ff00000,0x0000001fa0000000) (1024K)]
  0x000001e7f11cac90 ConcurrentGCThread "G1 Refine#0"               [id=3972, stack(0x0000001fa0000000,0x0000001fa0100000) (1024K)]
  0x000001e7f11cb620 ConcurrentGCThread "G1 Service"                [id=4828, stack(0x0000001fa0100000,0x0000001fa0200000) (1024K)]
Total: 7

Threads with active compile tasks:
C1 CompilerThread3  432  662       3       sun.java2d.loops.GraphicsPrimitiveMgr$1::compare (13 bytes)
Total: 1

VM state: not at safepoint (normal execution)

VM Mutex/Monitor currently owned by a thread: None

Heap address: 0x0000000709400000, size: 3948 MB, Compressed Oops mode: Zero based, Oop shift amount: 3

CDS archive(s) mapped at: [0x000001e780000000-0x000001e780c60000-0x000001e780c60000), size 12976128, SharedBaseAddress: 0x000001e780000000, ArchiveRelocationMode: 1.
Compressed class space mapped at: 0x000001e781000000-0x000001e7c1000000, reserved size: 1073741824
Narrow klass base: 0x000001e780000000, Narrow klass shift: 0, Narrow klass range: 0x41000000

GC Precious Log:
 CardTable entry size: 512
 Card Set container configuration: InlinePtr #cards 4 size 8 Array Of Cards #cards 16 size 48 Howl #buckets 8 coarsen threshold 3686 Howl Bitmap #cards 512 size 80 coarsen threshold 460 Card regions per heap region 1 cards per card region 4096
 CPUs: 16 total, 16 available
 Memory: 15790M
 Large Page Support: Disabled
 NUMA Support: Disabled
 Compressed Oops: Enabled (Zero based)
 Heap Region Size: 2M
 Heap Min Capacity: 8M
 Heap Initial Capacity: 248M
 Heap Max Capacity: 3948M
 Pre-touch: Disabled
 Parallel Workers: 13
 Concurrent Workers: 3
 Concurrent Refinement Workers: 13
 Periodic GC: Disabled

Heap:
 garbage-first heap   total reserved 4042752K, committed 253952K, used 8192K [0x0000000709400000, 0x0000000800000000)
  region size 2048K, 5 young (10240K), 0 survivors (0K)
 Metaspace       used 6598K, committed 6848K, reserved 1114112K
  class space    used 765K, committed 896K, reserved 1048576K

Heap Regions: E=young(eden), S=young(survivor), O=old, HS=humongous(starts), HC=humongous(continues), CS=collection set, F=free, TAMS=top-at-mark-start, PB=parsable bottom
|   0|0x0000000709400000, 0x0000000709400000, 0x0000000709600000|  0%| F|  |TAMS 0x0000000709400000| PB 0x0000000709400000| Untracked |  0
|   1|0x0000000709600000, 0x0000000709600000, 0x0000000709800000|  0%| F|  |TAMS 0x0000000709600000| PB 0x0000000709600000| Untracked |  0
|   2|0x0000000709800000, 0x0000000709800000, 0x0000000709a00000|  0%| F|  |TAMS 0x0000000709800000| PB 0x0000000709800000| Untracked |  0
|   3|0x0000000709a00000, 0x0000000709a00000, 0x0000000709c00000|  0%| F|  |TAMS 0x0000000709a00000| PB 0x0000000709a00000| Untracked |  0
|   4|0x0000000709c00000, 0x0000000709c00000, 0x0000000709e00000|  0%| F|  |TAMS 0x0000000709c00000| PB 0x0000000709c00000| Untracked |  0
|   5|0x0000000709e00000, 0x0000000709e00000, 0x000000070a000000|  0%| F|  |TAMS 0x0000000709e00000| PB 0x0000000709e00000| Untracked |  0
|   6|0x000000070a000000, 0x000000070a000000, 0x000000070a200000|  0%| F|  |TAMS 0x000000070a000000| PB 0x000000070a000000| Untracked |  0
|   7|0x000000070a200000, 0x000000070a200000, 0x000000070a400000|  0%| F|  |TAMS 0x000000070a200000| PB 0x000000070a200000| Untracked |  0
|   8|0x000000070a400000, 0x000000070a400000, 0x000000070a600000|  0%| F|  |TAMS 0x000000070a400000| PB 0x000000070a400000| Untracked |  0
|   9|0x000000070a600000, 0x000000070a600000, 0x000000070a800000|  0%| F|  |TAMS 0x000000070a600000| PB 0x000000070a600000| Untracked |  0
|  10|0x000000070a800000, 0x000000070a800000, 0x000000070aa00000|  0%| F|  |TAMS 0x000000070a800000| PB 0x000000070a800000| Untracked |  0
|  11|0x000000070aa00000, 0x000000070aa00000, 0x000000070ac00000|  0%| F|  |TAMS 0x000000070aa00000| PB 0x000000070aa00000| Untracked |  0
|  12|0x000000070ac00000, 0x000000070ac00000, 0x000000070ae00000|  0%| F|  |TAMS 0x000000070ac00000| PB 0x000000070ac00000| Untracked |  0
|  13|0x000000070ae00000, 0x000000070ae00000, 0x000000070b000000|  0%| F|  |TAMS 0x000000070ae00000| PB 0x000000070ae00000| Untracked |  0
|  14|0x000000070b000000, 0x000000070b000000, 0x000000070b200000|  0%| F|  |TAMS 0x000000070b000000| PB 0x000000070b000000| Untracked |  0
|  15|0x000000070b200000, 0x000000070b200000, 0x000000070b400000|  0%| F|  |TAMS 0x000000070b200000| PB 0x000000070b200000| Untracked |  0
|  16|0x000000070b400000, 0x000000070b400000, 0x000000070b600000|  0%| F|  |TAMS 0x000000070b400000| PB 0x000000070b400000| Untracked |  0
|  17|0x000000070b600000, 0x000000070b600000, 0x000000070b800000|  0%| F|  |TAMS 0x000000070b600000| PB 0x000000070b600000| Untracked |  0
|  18|0x000000070b800000, 0x000000070b800000, 0x000000070ba00000|  0%| F|  |TAMS 0x000000070b800000| PB 0x000000070b800000| Untracked |  0
|  19|0x000000070ba00000, 0x000000070ba00000, 0x000000070bc00000|  0%| F|  |TAMS 0x000000070ba00000| PB 0x000000070ba00000| Untracked |  0
|  20|0x000000070bc00000, 0x000000070bc00000, 0x000000070be00000|  0%| F|  |TAMS 0x000000070bc00000| PB 0x000000070bc00000| Untracked |  0
|  21|0x000000070be00000, 0x000000070be00000, 0x000000070c000000|  0%| F|  |TAMS 0x000000070be00000| PB 0x000000070be00000| Untracked |  0
|  22|0x000000070c000000, 0x000000070c000000, 0x000000070c200000|  0%| F|  |TAMS 0x000000070c000000| PB 0x000000070c000000| Untracked |  0
|  23|0x000000070c200000, 0x000000070c200000, 0x000000070c400000|  0%| F|  |TAMS 0x000000070c200000| PB 0x000000070c200000| Untracked |  0
|  24|0x000000070c400000, 0x000000070c400000, 0x000000070c600000|  0%| F|  |TAMS 0x000000070c400000| PB 0x000000070c400000| Untracked |  0
|  25|0x000000070c600000, 0x000000070c600000, 0x000000070c800000|  0%| F|  |TAMS 0x000000070c600000| PB 0x000000070c600000| Untracked |  0
|  26|0x000000070c800000, 0x000000070c800000, 0x000000070ca00000|  0%| F|  |TAMS 0x000000070c800000| PB 0x000000070c800000| Untracked |  0
|  27|0x000000070ca00000, 0x000000070ca00000, 0x000000070cc00000|  0%| F|  |TAMS 0x000000070ca00000| PB 0x000000070ca00000| Untracked |  0
|  28|0x000000070cc00000, 0x000000070cc00000, 0x000000070ce00000|  0%| F|  |TAMS 0x000000070cc00000| PB 0x000000070cc00000| Untracked |  0
|  29|0x000000070ce00000, 0x000000070ce00000, 0x000000070d000000|  0%| F|  |TAMS 0x000000070ce00000| PB 0x000000070ce00000| Untracked |  0
|  30|0x000000070d000000, 0x000000070d000000, 0x000000070d200000|  0%| F|  |TAMS 0x000000070d000000| PB 0x000000070d000000| Untracked |  0
|  31|0x000000070d200000, 0x000000070d200000, 0x000000070d400000|  0%| F|  |TAMS 0x000000070d200000| PB 0x000000070d200000| Untracked |  0
|  32|0x000000070d400000, 0x000000070d400000, 0x000000070d600000|  0%| F|  |TAMS 0x000000070d400000| PB 0x000000070d400000| Untracked |  0
|  33|0x000000070d600000, 0x000000070d600000, 0x000000070d800000|  0%| F|  |TAMS 0x000000070d600000| PB 0x000000070d600000| Untracked |  0
|  34|0x000000070d800000, 0x000000070d800000, 0x000000070da00000|  0%| F|  |TAMS 0x000000070d800000| PB 0x000000070d800000| Untracked |  0
|  35|0x000000070da00000, 0x000000070da00000, 0x000000070dc00000|  0%| F|  |TAMS 0x000000070da00000| PB 0x000000070da00000| Untracked |  0
|  36|0x000000070dc00000, 0x000000070dc00000, 0x000000070de00000|  0%| F|  |TAMS 0x000000070dc00000| PB 0x000000070dc00000| Untracked |  0
|  37|0x000000070de00000, 0x000000070de00000, 0x000000070e000000|  0%| F|  |TAMS 0x000000070de00000| PB 0x000000070de00000| Untracked |  0
|  38|0x000000070e000000, 0x000000070e000000, 0x000000070e200000|  0%| F|  |TAMS 0x000000070e000000| PB 0x000000070e000000| Untracked |  0
|  39|0x000000070e200000, 0x000000070e200000, 0x000000070e400000|  0%| F|  |TAMS 0x000000070e200000| PB 0x000000070e200000| Untracked |  0
|  40|0x000000070e400000, 0x000000070e400000, 0x000000070e600000|  0%| F|  |TAMS 0x000000070e400000| PB 0x000000070e400000| Untracked |  0
|  41|0x000000070e600000, 0x000000070e600000, 0x000000070e800000|  0%| F|  |TAMS 0x000000070e600000| PB 0x000000070e600000| Untracked |  0
|  42|0x000000070e800000, 0x000000070e800000, 0x000000070ea00000|  0%| F|  |TAMS 0x000000070e800000| PB 0x000000070e800000| Untracked |  0
|  43|0x000000070ea00000, 0x000000070ea00000, 0x000000070ec00000|  0%| F|  |TAMS 0x000000070ea00000| PB 0x000000070ea00000| Untracked |  0
|  44|0x000000070ec00000, 0x000000070ec00000, 0x000000070ee00000|  0%| F|  |TAMS 0x000000070ec00000| PB 0x000000070ec00000| Untracked |  0
|  45|0x000000070ee00000, 0x000000070ee00000, 0x000000070f000000|  0%| F|  |TAMS 0x000000070ee00000| PB 0x000000070ee00000| Untracked |  0
|  46|0x000000070f000000, 0x000000070f000000, 0x000000070f200000|  0%| F|  |TAMS 0x000000070f000000| PB 0x000000070f000000| Untracked |  0
|  47|0x000000070f200000, 0x000000070f200000, 0x000000070f400000|  0%| F|  |TAMS 0x000000070f200000| PB 0x000000070f200000| Untracked |  0
|  48|0x000000070f400000, 0x000000070f400000, 0x000000070f600000|  0%| F|  |TAMS 0x000000070f400000| PB 0x000000070f400000| Untracked |  0
|  49|0x000000070f600000, 0x000000070f600000, 0x000000070f800000|  0%| F|  |TAMS 0x000000070f600000| PB 0x000000070f600000| Untracked |  0
|  50|0x000000070f800000, 0x000000070f800000, 0x000000070fa00000|  0%| F|  |TAMS 0x000000070f800000| PB 0x000000070f800000| Untracked |  0
|  51|0x000000070fa00000, 0x000000070fa00000, 0x000000070fc00000|  0%| F|  |TAMS 0x000000070fa00000| PB 0x000000070fa00000| Untracked |  0
|  52|0x000000070fc00000, 0x000000070fc00000, 0x000000070fe00000|  0%| F|  |TAMS 0x000000070fc00000| PB 0x000000070fc00000| Untracked |  0
|  53|0x000000070fe00000, 0x000000070fe00000, 0x0000000710000000|  0%| F|  |TAMS 0x000000070fe00000| PB 0x000000070fe00000| Untracked |  0
|  54|0x0000000710000000, 0x0000000710000000, 0x0000000710200000|  0%| F|  |TAMS 0x0000000710000000| PB 0x0000000710000000| Untracked |  0
|  55|0x0000000710200000, 0x0000000710200000, 0x0000000710400000|  0%| F|  |TAMS 0x0000000710200000| PB 0x0000000710200000| Untracked |  0
|  56|0x0000000710400000, 0x0000000710400000, 0x0000000710600000|  0%| F|  |TAMS 0x0000000710400000| PB 0x0000000710400000| Untracked |  0
|  57|0x0000000710600000, 0x0000000710600000, 0x0000000710800000|  0%| F|  |TAMS 0x0000000710600000| PB 0x0000000710600000| Untracked |  0
|  58|0x0000000710800000, 0x0000000710800000, 0x0000000710a00000|  0%| F|  |TAMS 0x0000000710800000| PB 0x0000000710800000| Untracked |  0
|  59|0x0000000710a00000, 0x0000000710a00000, 0x0000000710c00000|  0%| F|  |TAMS 0x0000000710a00000| PB 0x0000000710a00000| Untracked |  0
|  60|0x0000000710c00000, 0x0000000710c00000, 0x0000000710e00000|  0%| F|  |TAMS 0x0000000710c00000| PB 0x0000000710c00000| Untracked |  0
|  61|0x0000000710e00000, 0x0000000710e00000, 0x0000000711000000|  0%| F|  |TAMS 0x0000000710e00000| PB 0x0000000710e00000| Untracked |  0
|  62|0x0000000711000000, 0x0000000711000000, 0x0000000711200000|  0%| F|  |TAMS 0x0000000711000000| PB 0x0000000711000000| Untracked |  0
|  63|0x0000000711200000, 0x0000000711200000, 0x0000000711400000|  0%| F|  |TAMS 0x0000000711200000| PB 0x0000000711200000| Untracked |  0
|  64|0x0000000711400000, 0x0000000711400000, 0x0000000711600000|  0%| F|  |TAMS 0x0000000711400000| PB 0x0000000711400000| Untracked |  0
|  65|0x0000000711600000, 0x0000000711600000, 0x0000000711800000|  0%| F|  |TAMS 0x0000000711600000| PB 0x0000000711600000| Untracked |  0
|  66|0x0000000711800000, 0x0000000711800000, 0x0000000711a00000|  0%| F|  |TAMS 0x0000000711800000| PB 0x0000000711800000| Untracked |  0
|  67|0x0000000711a00000, 0x0000000711a00000, 0x0000000711c00000|  0%| F|  |TAMS 0x0000000711a00000| PB 0x0000000711a00000| Untracked |  0
|  68|0x0000000711c00000, 0x0000000711c00000, 0x0000000711e00000|  0%| F|  |TAMS 0x0000000711c00000| PB 0x0000000711c00000| Untracked |  0
|  69|0x0000000711e00000, 0x0000000711e00000, 0x0000000712000000|  0%| F|  |TAMS 0x0000000711e00000| PB 0x0000000711e00000| Untracked |  0
|  70|0x0000000712000000, 0x0000000712000000, 0x0000000712200000|  0%| F|  |TAMS 0x0000000712000000| PB 0x0000000712000000| Untracked |  0
|  71|0x0000000712200000, 0x0000000712200000, 0x0000000712400000|  0%| F|  |TAMS 0x0000000712200000| PB 0x0000000712200000| Untracked |  0
|  72|0x0000000712400000, 0x0000000712400000, 0x0000000712600000|  0%| F|  |TAMS 0x0000000712400000| PB 0x0000000712400000| Untracked |  0
|  73|0x0000000712600000, 0x0000000712600000, 0x0000000712800000|  0%| F|  |TAMS 0x0000000712600000| PB 0x0000000712600000| Untracked |  0
|  74|0x0000000712800000, 0x0000000712800000, 0x0000000712a00000|  0%| F|  |TAMS 0x0000000712800000| PB 0x0000000712800000| Untracked |  0
|  75|0x0000000712a00000, 0x0000000712a00000, 0x0000000712c00000|  0%| F|  |TAMS 0x0000000712a00000| PB 0x0000000712a00000| Untracked |  0
|  76|0x0000000712c00000, 0x0000000712c00000, 0x0000000712e00000|  0%| F|  |TAMS 0x0000000712c00000| PB 0x0000000712c00000| Untracked |  0
|  77|0x0000000712e00000, 0x0000000712e00000, 0x0000000713000000|  0%| F|  |TAMS 0x0000000712e00000| PB 0x0000000712e00000| Untracked |  0
|  78|0x0000000713000000, 0x0000000713000000, 0x0000000713200000|  0%| F|  |TAMS 0x0000000713000000| PB 0x0000000713000000| Untracked |  0
|  79|0x0000000713200000, 0x0000000713200000, 0x0000000713400000|  0%| F|  |TAMS 0x0000000713200000| PB 0x0000000713200000| Untracked |  0
|  80|0x0000000713400000, 0x0000000713400000, 0x0000000713600000|  0%| F|  |TAMS 0x0000000713400000| PB 0x0000000713400000| Untracked |  0
|  81|0x0000000713600000, 0x0000000713600000, 0x0000000713800000|  0%| F|  |TAMS 0x0000000713600000| PB 0x0000000713600000| Untracked |  0
|  82|0x0000000713800000, 0x0000000713800000, 0x0000000713a00000|  0%| F|  |TAMS 0x0000000713800000| PB 0x0000000713800000| Untracked |  0
|  83|0x0000000713a00000, 0x0000000713a00000, 0x0000000713c00000|  0%| F|  |TAMS 0x0000000713a00000| PB 0x0000000713a00000| Untracked |  0
|  84|0x0000000713c00000, 0x0000000713c00000, 0x0000000713e00000|  0%| F|  |TAMS 0x0000000713c00000| PB 0x0000000713c00000| Untracked |  0
|  85|0x0000000713e00000, 0x0000000713e00000, 0x0000000714000000|  0%| F|  |TAMS 0x0000000713e00000| PB 0x0000000713e00000| Untracked |  0
|  86|0x0000000714000000, 0x0000000714000000, 0x0000000714200000|  0%| F|  |TAMS 0x0000000714000000| PB 0x0000000714000000| Untracked |  0
|  87|0x0000000714200000, 0x0000000714200000, 0x0000000714400000|  0%| F|  |TAMS 0x0000000714200000| PB 0x0000000714200000| Untracked |  0
|  88|0x0000000714400000, 0x0000000714400000, 0x0000000714600000|  0%| F|  |TAMS 0x0000000714400000| PB 0x0000000714400000| Untracked |  0
|  89|0x0000000714600000, 0x0000000714600000, 0x0000000714800000|  0%| F|  |TAMS 0x0000000714600000| PB 0x0000000714600000| Untracked |  0
|  90|0x0000000714800000, 0x0000000714800000, 0x0000000714a00000|  0%| F|  |TAMS 0x0000000714800000| PB 0x0000000714800000| Untracked |  0
|  91|0x0000000714a00000, 0x0000000714a00000, 0x0000000714c00000|  0%| F|  |TAMS 0x0000000714a00000| PB 0x0000000714a00000| Untracked |  0
|  92|0x0000000714c00000, 0x0000000714c00000, 0x0000000714e00000|  0%| F|  |TAMS 0x0000000714c00000| PB 0x0000000714c00000| Untracked |  0
|  93|0x0000000714e00000, 0x0000000714e00000, 0x0000000715000000|  0%| F|  |TAMS 0x0000000714e00000| PB 0x0000000714e00000| Untracked |  0
|  94|0x0000000715000000, 0x0000000715000000, 0x0000000715200000|  0%| F|  |TAMS 0x0000000715000000| PB 0x0000000715000000| Untracked |  0
|  95|0x0000000715200000, 0x0000000715200000, 0x0000000715400000|  0%| F|  |TAMS 0x0000000715200000| PB 0x0000000715200000| Untracked |  0
|  96|0x0000000715400000, 0x0000000715400000, 0x0000000715600000|  0%| F|  |TAMS 0x0000000715400000| PB 0x0000000715400000| Untracked |  0
|  97|0x0000000715600000, 0x0000000715600000, 0x0000000715800000|  0%| F|  |TAMS 0x0000000715600000| PB 0x0000000715600000| Untracked |  0
|  98|0x0000000715800000, 0x0000000715800000, 0x0000000715a00000|  0%| F|  |TAMS 0x0000000715800000| PB 0x0000000715800000| Untracked |  0
|  99|0x0000000715a00000, 0x0000000715a00000, 0x0000000715c00000|  0%| F|  |TAMS 0x0000000715a00000| PB 0x0000000715a00000| Untracked |  0
| 100|0x0000000715c00000, 0x0000000715c00000, 0x0000000715e00000|  0%| F|  |TAMS 0x0000000715c00000| PB 0x0000000715c00000| Untracked |  0
| 101|0x0000000715e00000, 0x0000000715e00000, 0x0000000716000000|  0%| F|  |TAMS 0x0000000715e00000| PB 0x0000000715e00000| Untracked |  0
| 102|0x0000000716000000, 0x0000000716000000, 0x0000000716200000|  0%| F|  |TAMS 0x0000000716000000| PB 0x0000000716000000| Untracked |  0
| 103|0x0000000716200000, 0x0000000716200000, 0x0000000716400000|  0%| F|  |TAMS 0x0000000716200000| PB 0x0000000716200000| Untracked |  0
| 104|0x0000000716400000, 0x0000000716400000, 0x0000000716600000|  0%| F|  |TAMS 0x0000000716400000| PB 0x0000000716400000| Untracked |  0
| 105|0x0000000716600000, 0x0000000716600000, 0x0000000716800000|  0%| F|  |TAMS 0x0000000716600000| PB 0x0000000716600000| Untracked |  0
| 106|0x0000000716800000, 0x0000000716800000, 0x0000000716a00000|  0%| F|  |TAMS 0x0000000716800000| PB 0x0000000716800000| Untracked |  0
| 107|0x0000000716a00000, 0x0000000716a00000, 0x0000000716c00000|  0%| F|  |TAMS 0x0000000716a00000| PB 0x0000000716a00000| Untracked |  0
| 108|0x0000000716c00000, 0x0000000716c00000, 0x0000000716e00000|  0%| F|  |TAMS 0x0000000716c00000| PB 0x0000000716c00000| Untracked |  0
| 109|0x0000000716e00000, 0x0000000716e00000, 0x0000000717000000|  0%| F|  |TAMS 0x0000000716e00000| PB 0x0000000716e00000| Untracked |  0
| 110|0x0000000717000000, 0x0000000717000000, 0x0000000717200000|  0%| F|  |TAMS 0x0000000717000000| PB 0x0000000717000000| Untracked |  0
| 111|0x0000000717200000, 0x0000000717200000, 0x0000000717400000|  0%| F|  |TAMS 0x0000000717200000| PB 0x0000000717200000| Untracked |  0
| 112|0x0000000717400000, 0x0000000717400000, 0x0000000717600000|  0%| F|  |TAMS 0x0000000717400000| PB 0x0000000717400000| Untracked |  0
| 113|0x0000000717600000, 0x0000000717600000, 0x0000000717800000|  0%| F|  |TAMS 0x0000000717600000| PB 0x0000000717600000| Untracked |  0
| 114|0x0000000717800000, 0x0000000717800000, 0x0000000717a00000|  0%| F|  |TAMS 0x0000000717800000| PB 0x0000000717800000| Untracked |  0
| 115|0x0000000717a00000, 0x0000000717a00000, 0x0000000717c00000|  0%| F|  |TAMS 0x0000000717a00000| PB 0x0000000717a00000| Untracked |  0
| 116|0x0000000717c00000, 0x0000000717c00000, 0x0000000717e00000|  0%| F|  |TAMS 0x0000000717c00000| PB 0x0000000717c00000| Untracked |  0
| 117|0x0000000717e00000, 0x0000000717e00000, 0x0000000718000000|  0%| F|  |TAMS 0x0000000717e00000| PB 0x0000000717e00000| Untracked |  0
| 118|0x0000000718000000, 0x0000000718000000, 0x0000000718200000|  0%| F|  |TAMS 0x0000000718000000| PB 0x0000000718000000| Untracked |  0
| 119|0x0000000718200000, 0x00000007182f5ca8, 0x0000000718400000| 48%| E|  |TAMS 0x0000000718200000| PB 0x0000000718200000| Complete |  0
| 120|0x0000000718400000, 0x0000000718600000, 0x0000000718600000|100%| E|CS|TAMS 0x0000000718400000| PB 0x0000000718400000| Complete |  0
| 121|0x0000000718600000, 0x0000000718800000, 0x0000000718800000|100%| E|CS|TAMS 0x0000000718600000| PB 0x0000000718600000| Complete |  0
| 122|0x0000000718800000, 0x0000000718a00000, 0x0000000718a00000|100%| E|CS|TAMS 0x0000000718800000| PB 0x0000000718800000| Complete |  0
| 123|0x0000000718a00000, 0x0000000718c00000, 0x0000000718c00000|100%| E|CS|TAMS 0x0000000718a00000| PB 0x0000000718a00000| Complete |  0

Card table byte_map: [0x000001e7e9e20000,0x000001e7ea5e0000] _byte_map_base: 0x000001e7e65d6000

Marking Bits: (CMBitMap*) 0x000001e7d1af12e0
 Bits: [0x000001e7ea5e0000, 0x000001e7ee390000)

Polling page: 0x000001e7cf9c0000

Metaspace:

Usage:
  Non-class:      5.70 MB used.
      Class:    765.65 KB used.
       Both:      6.44 MB used.

Virtual space:
  Non-class space:       64.00 MB reserved,       5.81 MB (  9%) committed,  1 nodes.
      Class space:        1.00 GB reserved,     896.00 KB ( <1%) committed,  1 nodes.
             Both:        1.06 GB reserved,       6.69 MB ( <1%) committed. 

Chunk freelists:
   Non-Class:  10.08 MB
       Class:  15.11 MB
        Both:  25.19 MB

MaxMetaspaceSize: unlimited
CompressedClassSpaceSize: 1.00 GB
Initial GC threshold: 21.00 MB
Current GC threshold: 21.00 MB
CDS: on
 - commit_granule_bytes: 65536.
 - commit_granule_words: 8192.
 - virtual_space_node_default_size: 8388608.
 - enlarge_chunks_in_place: 1.
 - use_allocation_guard: 0.


Internal statistics:

num_allocs_failed_limit: 0.
num_arena_births: 142.
num_arena_deaths: 0.
num_vsnodes_births: 2.
num_vsnodes_deaths: 0.
num_space_committed: 107.
num_space_uncommitted: 0.
num_chunks_returned_to_freelist: 0.
num_chunks_taken_from_freelist: 180.
num_chunk_merges: 0.
num_chunk_splits: 108.
num_chunks_enlarged: 45.
num_inconsistent_stats: 0.

CodeHeap 'non-profiled nmethods': size=119168Kb used=184Kb max_used=184Kb free=118983Kb
 bounds [0x000001e7e1980000, 0x000001e7e1bf0000, 0x000001e7e8de0000]
CodeHeap 'profiled nmethods': size=119104Kb used=1041Kb max_used=1041Kb free=118062Kb
 bounds [0x000001e7d9de0000, 0x000001e7da050000, 0x000001e7e1230000]
CodeHeap 'non-nmethods': size=7488Kb used=3214Kb max_used=3226Kb free=4274Kb
 bounds [0x000001e7e1230000, 0x000001e7e1560000, 0x000001e7e1980000]
 total_blobs=1326 nmethods=730 adapters=498
 compilation: enabled
              stopped_count=0, restarted_count=0
 full_count=0

Compilation events (20 events):
Event: 0.312 Thread 0x000001e7f1351700 nmethod 654 0x000001e7e19a8d90 code [0x000001e7e19a8f20, 0x000001e7e19a8ff0]
Event: 0.313 Thread 0x000001e7f1351700  655       3       java.awt.Component::getTreeLock (4 bytes)
Event: 0.313 Thread 0x000001e7f1351700 nmethod 655 0x000001e7d9ed1d10 code [0x000001e7d9ed1ea0, 0x000001e7d9ed1fb8]
Event: 0.313 Thread 0x000001e7f1351700  656       3       java.lang.invoke.MethodType::erase (8 bytes)
Event: 0.313 Thread 0x000001e7f1351700 nmethod 656 0x000001e7d9ed2090 code [0x000001e7d9ed2220, 0x000001e7d9ed2358]
Event: 0.336 Thread 0x000001e7f1351700  658       3       java.util.ArrayList$Itr::hasNext (20 bytes)
Event: 0.336 Thread 0x000001e7f1351700 nmethod 658 0x000001e7d9ed2410 code [0x000001e7d9ed25a0, 0x000001e7d9ed2710]
Event: 0.341 Thread 0x000001e7c52335c0  659       3       java.lang.invoke.InnerClassLambdaMetafactory::getOpcodeOffset (38 bytes)
Event: 0.341 Thread 0x000001e7c52335c0 nmethod 659 0x000001e7d9ed2810 code [0x000001e7d9ed29e0, 0x000001e7d9ed2c98]
Event: 0.344 Thread 0x000001e7c5331c20  660       1       java.util.concurrent.locks.AbstractOwnableSynchronizer::setExclusiveOwnerThread (6 bytes)
Event: 0.345 Thread 0x000001e7c5331c20 nmethod 660 0x000001e7e19a9390 code [0x000001e7e19a9520, 0x000001e7e19a9638]
Event: 0.346 Thread 0x000001e7c52335c0  661       1       sun.java2d.loops.GraphicsPrimitive::getUniqueID (5 bytes)
Event: 0.346 Thread 0x000001e7c5351460  662       3       sun.java2d.loops.GraphicsPrimitiveMgr$1::compare (13 bytes)
Event: 0.346 Thread 0x000001e7c5331c20  663       3       sun.java2d.loops.GraphicsPrimitiveMgr$1::compare (18 bytes)
Event: 0.346 Thread 0x000001e7f1351700  664       3       java.lang.Integer::compare (20 bytes)
Event: 0.346 Thread 0x000001e7c52335c0 nmethod 661 0x000001e7e19a9690 code [0x000001e7e19a9820, 0x000001e7e19a98e8]
Event: 0.346 Thread 0x000001e7f1351700 nmethod 664 0x000001e7d9ed2d90 code [0x000001e7d9ed2f40, 0x000001e7d9ed3110]
Event: 0.346 Thread 0x000001e7c5331c20 nmethod 663 0x000001e7d9ed3190 code [0x000001e7d9ed3340, 0x000001e7d9ed35c8]
Event: 0.347 Thread 0x000001e7f134d070  665       4       sun.java2d.loops.GraphicsPrimitiveMgr$1::compare (18 bytes)
Event: 0.347 Thread 0x000001e7f134d070 nmethod 665 0x000001e7e19a9990 code [0x000001e7e19a9b20, 0x000001e7e19a9bf0]

GC Heap History (0 events):
No events

Dll operation events (9 events):
Event: 0.009 Loaded shared library C:\Program Files\Java\jdk-22\bin\java.dll
Event: 0.034 Loaded shared library C:\Program Files\Java\jdk-22\bin\jsvml.dll
Event: 0.055 Loaded shared library C:\Program Files\Java\jdk-22\bin\jimage.dll
Event: 0.069 Loaded shared library C:\Program Files\Java\jdk-22\bin\net.dll
Event: 0.070 Loaded shared library C:\Program Files\Java\jdk-22\bin\nio.dll
Event: 0.075 Loaded shared library C:\Program Files\Java\jdk-22\bin\zip.dll
Event: 0.090 Loaded shared library C:\Program Files\Java\jdk-22\bin\awt.dll
Event: 0.289 Loaded shared library C:\Program Files\Java\jdk-22\bin\freetype.dll
Event: 0.290 Loaded shared library C:\Program Files\Java\jdk-22\bin\fontmanager.dll

Deoptimization events (0 events):
No events

Classes loaded (20 events):
Event: 0.345 Loading class java/awt/GradientPaint
Event: 0.345 Loading class java/awt/GradientPaint done
Event: 0.345 Loading class sun/java2d/d3d/D3DPaints
Event: 0.345 Loading class sun/java2d/d3d/D3DPaints done
Event: 0.345 Loading class sun/java2d/d3d/D3DPaints$Gradient
Event: 0.345 Loading class sun/java2d/d3d/D3DPaints$Gradient done
Event: 0.345 Loading class sun/java2d/d3d/D3DPaints$LinearGradient
Event: 0.345 Loading class sun/java2d/d3d/D3DPaints$MultiGradient
Event: 0.345 Loading class sun/java2d/d3d/D3DPaints$MultiGradient done
Event: 0.345 Loading class sun/java2d/d3d/D3DPaints$LinearGradient done
Event: 0.345 Loading class sun/java2d/d3d/D3DPaints$RadialGradient
Event: 0.345 Loading class sun/java2d/d3d/D3DPaints$RadialGradient done
Event: 0.345 Loading class sun/java2d/d3d/D3DPaints$Texture
Event: 0.345 Loading class sun/java2d/d3d/D3DPaints$Texture done
Event: 0.345 Loading class sun/java2d/loops/GraphicsPrimitiveMgr$PrimitiveSpec
Event: 0.346 Loading class sun/java2d/loops/GraphicsPrimitiveMgr$PrimitiveSpec done
Event: 0.347 Loading class javax/swing/plaf/metal/MetalUtils
Event: 0.347 Loading class javax/swing/plaf/metal/MetalUtils done
Event: 0.347 Loading class javax/swing/JToolBar
Event: 0.347 Loading class javax/swing/JToolBar done

Classes unloaded (0 events):
No events

Classes redefined (0 events):
No events

Internal exceptions (11 events):
Event: 0.080 Thread 0x000001e7d1a89560 Exception <a 'java/lang/ClassNotFoundException'{0x0000000718877b08}: sun/awt/resources/spi/awtProvider> (0x0000000718877b08) 
thrown [s\open\src\hotspot\share\classfile\systemDictionary.cpp, line 313]
Event: 0.100 Thread 0x000001e7d1a89560 Exception <a 'java/io/FileNotFoundException'{0x00000007189c6278}> (0x00000007189c6278) 
thrown [s\open\src\hotspot\share\prims\jni.cpp, line 520]
Event: 0.106 Thread 0x000001e7d1a89560 Exception <a 'java/io/FileNotFoundException'{0x0000000718608d30}> (0x0000000718608d30) 
thrown [s\open\src\hotspot\share\prims\jni.cpp, line 520]
Event: 0.219 Thread 0x000001e7f1348670 Exception <a 'java/lang/NoSuchMethodError'{0x0000000718423c60}: 'void java.lang.invoke.DirectMethodHandle$Holder.invokeSpecial(java.lang.Object, java.lang.Object, java.lang.Object)'> (0x0000000718423c60) 
thrown [s\open\src\hotspot\share\interpreter\linkResolver.cpp, line 774]
Event: 0.225 Thread 0x000001e7f1348670 Exception <a 'java/lang/NoSuchMethodError'{0x0000000718449f00}: 'java.lang.Object java.lang.invoke.DirectMethodHandle$Holder.newInvokeSpecial(java.lang.Object, java.lang.Object, java.lang.Object, java.lang.Object, java.lang.Object)'> (0x0000000718449f00) 
thrown [s\open\src\hotspot\share\interpreter\linkResolver.cpp, line 774]
Event: 0.230 Thread 0x000001e7f1348670 Exception <a 'java/lang/NoSuchMethodError'{0x0000000718476818}: 'java.lang.Object java.lang.invoke.DirectMethodHandle$Holder.invokeStatic(java.lang.Object, int, java.lang.Object)'> (0x0000000718476818) 
thrown [s\open\src\hotspot\share\interpreter\linkResolver.cpp, line 774]
Event: 0.251 Thread 0x000001e7f1348670 Exception <a 'java/lang/ClassNotFoundException'{0x0000000718518d58}: com/sun/swing/internal/plaf/metal/resources/spi/metalProvider> (0x0000000718518d58) 
thrown [s\open\src\hotspot\share\classfile\systemDictionary.cpp, line 313]
Event: 0.251 Thread 0x000001e7f1348670 Exception <a 'java/lang/ClassNotFoundException'{0x000000071851cce8}: com/sun/swing/internal/plaf/basic/resources/spi/basicProvider> (0x000000071851cce8) 
thrown [s\open\src\hotspot\share\classfile\systemDictionary.cpp, line 313]
Event: 0.260 Thread 0x000001e7f1348670 Exception <a 'java/lang/NoSuchMethodError'{0x000000071853cc68}: 'int java.lang.invoke.Invokers$Holder.invokeExact_MT(java.lang.Object, java.lang.Object)'> (0x000000071853cc68) 
thrown [s\open\src\hotspot\share\interpreter\linkResolver.cpp, line 774]
Event: 0.272 Thread 0x000001e7f1345880 Exception <a 'java/lang/NoSuchMethodError'{0x0000000718704588}: 'void java.lang.invoke.DirectMethodHandle$Holder.invokeVirtual(java.lang.Object, java.lang.Object)'> (0x0000000718704588) 
thrown [s\open\src\hotspot\share\interpreter\linkResolver.cpp, line 774]
Event: 0.285 Thread 0x000001e7f1348670 Exception <a 'java/lang/NoSuchMethodError'{0x000000071856f628}: 'void java.lang.invoke.DirectMethodHandle$Holder.invokeStaticInit(java.lang.Object)'> (0x000000071856f628) 
thrown [s\open\src\hotspot\share\interpreter\linkResolver.cpp, line 774]

ZGC Phase Switch (0 events):
No events

VM Operations (6 events):
Event: 0.114 Executing VM operation: HandshakeAllThreads (Deoptimize)
Event: 0.114 Executing VM operation: HandshakeAllThreads (Deoptimize) done
Event: 0.250 Executing VM operation: HandshakeAllThreads (Deoptimize)
Event: 0.250 Executing VM operation: HandshakeAllThreads (Deoptimize) done
Event: 0.261 Executing VM operation: HandshakeAllThreads (Deoptimize)
Event: 0.261 Executing VM operation: HandshakeAllThreads (Deoptimize) done

Memory protections (0 events):
No events

Nmethod flushes (0 events):
No events

Events (20 events):
Event: 0.032 Thread 0x000001e7d1a89560 Thread added: 0x000001e7f1330120
Event: 0.032 Thread 0x000001e7d1a89560 Thread added: 0x000001e7f1330b80
Event: 0.032 Thread 0x000001e7d1a89560 Thread added: 0x000001e7f1337580
Event: 0.032 Thread 0x000001e7d1a89560 Thread added: 0x000001e7f1339670
Event: 0.032 Thread 0x000001e7d1a89560 Thread added: 0x000001e7f1343590
Event: 0.032 Thread 0x000001e7d1a89560 Thread added: 0x000001e7f13465a0
Event: 0.032 Thread 0x000001e7d1a89560 Thread added: 0x000001e7f134d070
Event: 0.032 Thread 0x000001e7d1a89560 Thread added: 0x000001e7f1351700
Event: 0.038 Thread 0x000001e7f1351700 Thread added: 0x000001e7c52335c0
Event: 0.046 Thread 0x000001e7d1a89560 Thread added: 0x000001e7f1346c30
Event: 0.048 Thread 0x000001e7d1a89560 Thread added: 0x000001e7f1347fe0
Event: 0.072 Thread 0x000001e7c52335c0 Thread added: 0x000001e7c5331c20
Event: 0.072 Thread 0x000001e7c52335c0 Thread added: 0x000001e7c5351460
Event: 0.140 Thread 0x000001e7d1a89560 Thread added: 0x000001e7f1347950
Event: 0.141 Thread 0x000001e7d1a89560 Thread added: 0x000001e7f13472c0
Event: 0.142 Thread 0x000001e7d1a89560 Thread added: 0x000001e7f1345880
Event: 0.150 Thread 0x000001e7d1a89560 Thread added: 0x000001e7f1348670
Event: 0.151 Thread 0x000001e7d1a89560 Thread exited: 0x000001e7d1a89560
Event: 0.151 Thread 0x000001e7f13451f0 Thread added: 0x000001e7f13451f0
Event: 0.341 Thread 0x000001e7f1348670 Thread added: 0x000001e7f1345f10


Dynamic libraries:
0x00007ff68eb00000 - 0x00007ff68eb10000 	C:\Program Files\Java\jdk-22\bin\java.exe
0x00007ff923a00000 - 0x00007ff923c63000 	C:\WINDOWS\SYSTEM32\ntdll.dll
0x00007ff9230d0000 - 0x00007ff923197000 	C:\WINDOWS\System32\KERNEL32.DLL
0x00007ff920e00000 - 0x00007ff9211b0000 	C:\WINDOWS\System32\KERNELBASE.dll
0x00007ff9212f0000 - 0x00007ff92143b000 	C:\WINDOWS\System32\ucrtbase.dll
0x00007ff90f2b0000 - 0x00007ff90f2c7000 	C:\Program Files\Java\jdk-22\bin\jli.dll
0x00007ff90f1a0000 - 0x00007ff90f1bb000 	C:\Program Files\Java\jdk-22\bin\VCRUNTIME140.dll
0x00007ff9237f0000 - 0x00007ff9239b3000 	C:\WINDOWS\System32\USER32.dll
0x00007ff909750000 - 0x00007ff9099e0000 	C:\WINDOWS\WinSxS\amd64_microsoft.windows.common-controls_6595b64144ccf1df_6.0.26100.1882_none_3e0e949ae32eca40\COMCTL32.dll
0x00007ff921850000 - 0x00007ff921877000 	C:\WINDOWS\System32\win32u.dll
0x00007ff922c10000 - 0x00007ff922c3a000 	C:\WINDOWS\System32\GDI32.dll
0x00007ff923610000 - 0x00007ff9236b9000 	C:\WINDOWS\System32\msvcrt.dll
0x00007ff9211c0000 - 0x00007ff9212e3000 	C:\WINDOWS\System32\gdi32full.dll
0x00007ff921500000 - 0x00007ff9215a3000 	C:\WINDOWS\System32\msvcp_win.dll
0x00007ff9236f0000 - 0x00007ff92371f000 	C:\WINDOWS\System32\IMM32.DLL
0x00007ff91bfe0000 - 0x00007ff91bfec000 	C:\Program Files\Java\jdk-22\bin\vcruntime140_1.dll
0x00007ff8ffb50000 - 0x00007ff8ffbde000 	C:\Program Files\Java\jdk-22\bin\msvcp140.dll
0x00007ff88d3b0000 - 0x00007ff88e0f9000 	C:\Program Files\Java\jdk-22\bin\server\jvm.dll
0x00007ff923430000 - 0x00007ff9234e4000 	C:\WINDOWS\System32\ADVAPI32.dll
0x00007ff923380000 - 0x00007ff923426000 	C:\WINDOWS\System32\sechost.dll
0x00007ff9234f0000 - 0x00007ff923606000 	C:\WINDOWS\System32\RPCRT4.dll
0x00007ff9221c0000 - 0x00007ff922234000 	C:\WINDOWS\System32\WS2_32.dll
0x00007ff920bf0000 - 0x00007ff920c3e000 	C:\WINDOWS\SYSTEM32\POWRPROF.dll
0x00007ff918bd0000 - 0x00007ff918bdb000 	C:\WINDOWS\SYSTEM32\VERSION.dll
0x00007ff9178a0000 - 0x00007ff9178d6000 	C:\WINDOWS\SYSTEM32\WINMM.dll
0x00007ff920ad0000 - 0x00007ff920ae4000 	C:\WINDOWS\SYSTEM32\UMPDC.dll
0x00007ff91fc60000 - 0x00007ff91fc7a000 	C:\WINDOWS\SYSTEM32\kernel.appcore.dll
0x00007ff90fe70000 - 0x00007ff90fe7a000 	C:\Program Files\Java\jdk-22\bin\jimage.dll
0x00007ff914a80000 - 0x00007ff914cc1000 	C:\WINDOWS\SYSTEM32\DBGHELP.DLL
0x00007ff922450000 - 0x00007ff9227cc000 	C:\WINDOWS\System32\combase.dll
0x00007ff9227d0000 - 0x00007ff9228a6000 	C:\WINDOWS\System32\OLEAUT32.dll
0x00007ff909b40000 - 0x00007ff909b79000 	C:\WINDOWS\SYSTEM32\dbgcore.DLL
0x00007ff921630000 - 0x00007ff9216c9000 	C:\WINDOWS\System32\bcryptPrimitives.dll
0x00007ff90e990000 - 0x00007ff90e9ae000 	C:\Program Files\Java\jdk-22\bin\java.dll
0x00007ff921a70000 - 0x00007ff922168000 	C:\WINDOWS\System32\SHELL32.dll
0x00007ff9222a0000 - 0x00007ff922439000 	C:\WINDOWS\System32\ole32.dll
0x00007ff91eb70000 - 0x00007ff91f39a000 	C:\WINDOWS\SYSTEM32\windows.storage.dll
0x00007ff921900000 - 0x00007ff9219d3000 	C:\WINDOWS\System32\SHCORE.dll
0x00007ff922240000 - 0x00007ff92229d000 	C:\WINDOWS\System32\shlwapi.dll
0x00007ff920d20000 - 0x00007ff920d49000 	C:\WINDOWS\SYSTEM32\profapi.dll
0x00007ff8feb40000 - 0x00007ff8fec17000 	C:\Program Files\Java\jdk-22\bin\jsvml.dll
0x00007ff90f1f0000 - 0x00007ff90f200000 	C:\Program Files\Java\jdk-22\bin\net.dll
0x00007ff920160000 - 0x00007ff9201c8000 	C:\WINDOWS\system32\mswsock.dll
0x00007ff90e890000 - 0x00007ff90e8a6000 	C:\Program Files\Java\jdk-22\bin\nio.dll
0x00007ff90e870000 - 0x00007ff90e887000 	C:\Program Files\Java\jdk-22\bin\zip.dll
0x00007ff8e4a50000 - 0x00007ff8e4bde000 	C:\Program Files\Java\jdk-22\bin\awt.dll
0x00007ff91dd80000 - 0x00007ff91de1c000 	C:\WINDOWS\SYSTEM32\apphelp.dll
0x00007ff91e200000 - 0x00007ff91e2ad000 	C:\WINDOWS\system32\uxtheme.dll
0x00007ff9231a0000 - 0x00007ff9232fb000 	C:\WINDOWS\System32\MSCTF.dll
0x00007ff91e4f0000 - 0x00007ff91e51e000 	C:\WINDOWS\system32\DWMAPI.DLL
0x00007ff8e81b0000 - 0x00007ff8e82bc000 	C:\WINDOWS\system32\opengl32.dll
0x00007ff8e8080000 - 0x00007ff8e80ad000 	C:\WINDOWS\SYSTEM32\GLU32.dll
0x00007ff91e2f0000 - 0x00007ff91e330000 	C:\WINDOWS\SYSTEM32\dxcore.dll
0x00007ff900320000 - 0x00007ff9004c6000 	C:\WINDOWS\system32\d3d9.dll
0x00007ff9178e0000 - 0x00007ff917a9b000 	C:\Windows\System32\DriverStore\FileRepository\u0382030.inf_amd64_c27c1f19988d7c7e\B381533\aticfx64.dll
0x00007ff8c3e90000 - 0x00007ff8c3ec4000 	C:\Windows\System32\DriverStore\FileRepository\u0382030.inf_amd64_c27c1f19988d7c7e\B381533\atiu9p64.dll
0x00007ff8a1930000 - 0x00007ff8a2685000 	C:\Windows\System32\DriverStore\FileRepository\u0382030.inf_amd64_c27c1f19988d7c7e\B381533\atiumd64.dll
0x000000005df10000 - 0x000000005ee36000 	C:\WINDOWS\System32\DriverStore\FileRepository\u0382030.inf_amd64_c27c1f19988d7c7e\B381533\atiumd6a.dll
0x00007ff922c40000 - 0x00007ff9230c5000 	C:\WINDOWS\System32\SETUPAPI.dll
0x00007ff914900000 - 0x00007ff914935000 	C:\WINDOWS\SYSTEM32\amdihk64.dll
0x00007ff91e340000 - 0x00007ff91e397000 	C:\WINDOWS\SYSTEM32\directxdatabasehelper.dll
0x00007ff8feab0000 - 0x00007ff8feb37000 	C:\Program Files\Java\jdk-22\bin\freetype.dll
0x00007ff8e6af0000 - 0x00007ff8e6bc7000 	C:\Program Files\Java\jdk-22\bin\fontmanager.dll
0x00007ff901b00000 - 0x00007ff901c44000 	C:\WINDOWS\SYSTEM32\textinputframework.dll
0x00007ff91d9b0000 - 0x00007ff91dad5000 	C:\WINDOWS\SYSTEM32\CoreMessaging.dll
0x00007ff917d90000 - 0x00007ff918073000 	C:\WINDOWS\SYSTEM32\CoreUIComponents.dll
0x00007ff91b600000 - 0x00007ff91b768000 	C:\WINDOWS\SYSTEM32\wintypes.dll
0x00007ff920420000 - 0x00007ff92042c000 	C:\WINDOWS\SYSTEM32\CRYPTBASE.DLL

dbghelp: loaded successfully - version: 4.0.5 - missing functions: none
symbol engine: initialized successfully - sym options: 0x614 - pdb path: .;C:\Program Files\Java\jdk-22\bin;C:\WINDOWS\SYSTEM32;C:\WINDOWS\WinSxS\amd64_microsoft.windows.common-controls_6595b64144ccf1df_6.0.26100.1882_none_3e0e949ae32eca40;C:\Program Files\Java\jdk-22\bin\server;C:\Windows\System32\DriverStore\FileRepository\u0382030.inf_amd64_c27c1f19988d7c7e\B381533

VM Arguments:
java_command: Main
java_class_path (initial): .;.\mysql-connector-j-8.0.32.jar
Launcher Type: SUN_STANDARD

[Global flags]
     intx CICompilerCount                          = 12                                        {product} {ergonomic}
     uint ConcGCThreads                            = 3                                         {product} {ergonomic}
     uint G1ConcRefinementThreads                  = 13                                        {product} {ergonomic}
   size_t G1HeapRegionSize                         = 2097152                                   {product} {ergonomic}
   size_t InitialHeapSize                          = 260046848                                 {product} {ergonomic}
   size_t MarkStackSize                            = 4194304                                   {product} {ergonomic}
   size_t MaxHeapSize                              = 4139778048                                {product} {ergonomic}
   size_t MaxNewSize                               = 2483027968                                {product} {ergonomic}
   size_t MinHeapDeltaBytes                        = 2097152                                   {product} {ergonomic}
   size_t MinHeapSize                              = 8388608                                   {product} {ergonomic}
    uintx NonNMethodCodeHeapSize                   = 7602480                                {pd product} {ergonomic}
    uintx NonProfiledCodeHeapSize                  = 122027880                              {pd product} {ergonomic}
    uintx ProfiledCodeHeapSize                     = 122027880                              {pd product} {ergonomic}
    uintx ReservedCodeCacheSize                    = 251658240                              {pd product} {ergonomic}
     bool SegmentedCodeCache                       = true                                      {product} {ergonomic}
   size_t SoftMaxHeapSize                          = 4139778048                             {manageable} {ergonomic}
     bool UseCompressedOops                        = true                           {product lp64_product} {ergonomic}
     bool UseG1GC                                  = true                                      {product} {ergonomic}
     bool UseLargePagesIndividualAllocation        = false                                  {pd product} {ergonomic}

Logging:
Log output configuration:
 #0: stdout all=warning uptime,level,tags foldmultilines=false
 #1: stderr all=off uptime,level,tags foldmultilines=false

Environment Variables:
JAVA_HOME=C:\Program Files\Java\jdk-22
PATH=C:\Program Files\Common Files\Oracle\Java\javapath;C:\WINDOWS\system32;C:\WINDOWS;C:\WINDOWS\System32\Wbem;C:\WINDOWS\System32\WindowsPowerShell\v1.0\;C:\WINDOWS\System32\OpenSSH\;C:\Program Files\Java\jdk-22\bin;C:\MinGW\bin;C:\ProgramData\chocolatey\bin;C:\Users\rohit\AppData\Local\Android\Sdk\platform-tools;C:\Program Files\nodejs\;C:\Program Files\MySQL\MySQL Shell 8.0\bin\;C:\Users\rohit\AppData\Local\Programs\Python\Launcher\;C:\Users\rohit\AppData\Local\Microsoft\WindowsApps;C:\Users\rohit\AppData\Local\Programs\Microsoft VS Code\bin;C:\Program Files\nodejs\node_modules\npm\bin;C:\Users\rohit\AppData\Local\Programs\mongosh\;C:\Program Files\JetBrains\PyCharm 2024.2.3\bin;;C:\Users\rohit\AppData\Local\Android\Sdk\platform-tools;C:\Users\rohit\AppData\Local\GitHubDesktop\bin;C:\Users\rohit\AppData\Roaming\npm
USERNAME=rohit
LANG=en_US.UTF-8
OS=Windows_NT
PROCESSOR_IDENTIFIER=AMD64 Family 23 Model 96 Stepping 1, AuthenticAMD
TMP=C:\Users\rohit\AppData\Local\Temp
TEMP=C:\Users\rohit\AppData\Local\Temp




Periodic native trim disabled

---------------  S Y S T E M  ---------------

OS:
 Windows 11 , 64 bit Build 26100 (10.0.26100.1882)
OS uptime: 0 days 18:26 hours
Hyper-V role detected

CPU: total 16 (initial active 16) (16 cores per cpu, 2 threads per core) family 23 model 96 stepping 1 microcode 0x8600106, cx8, cmov, fxsr, ht, mmx, 3dnowpref, sse, sse2, sse3, ssse3, sse4a, sse4.1, sse4.2, popcnt, lzcnt, tsc, tscinvbit, avx, avx2, aes, clmul, bmi1, bmi2, adx, sha, fma, vzeroupper, clflush, clflushopt, hv, rdtscp, rdpid, f16c
Processor Information for all 16 processors :
  Max Mhz: 2901, Current Mhz: 2901, Mhz Limit: 2901

Memory: 4k page, system-wide physical 15790M (5567M free)
TotalPageFile size 16814M (AvailPageFile size 2123M)
current process WorkingSet (physical memory assigned to process): 93M, peak: 93M
current process commit charge ("private bytes"): 393M, peak: 393M

vm_info: Java HotSpot(TM) 64-Bit Server VM (22.0.2+9-70) for windows-amd64 JRE (22.0.2+9-70), built on 2024-06-04T16:52:23Z by "mach5one" with MS VC++ 17.6 (VS2022)

END.
